# JRE version: Java(TM) SE Runtime Environment (25.0.1+8) (build 25.0.1+8-LTS-27)
# Java VM: Java HotSpot(TM) 64-Bit Server VM (25.0.1+8-LTS-27, mixed mode, sharing, tiered, compressed oops, compressed class ptrs, g1 gc, windows-amd64)
GC Precious Log:
 CardTable entry size: 512
 Card Set container configuration: InlinePtr #cards 4 size 8 Array Of Cards #cards 16 size 48 Howl #buckets 8 coarsen threshold 3686 Howl Bitmap #cards 512 size 80 coarsen threshold 460 Card regions per heap region 1 cards per card region 4096
 CPUs: 16 total, 16 available
 Memory: 15654M
 Large Page Support: Disabled
 NUMA Support: Disabled
 Compressed Oops: Enabled (Zero based)
 Heap Region Size: 2M
 Heap Min Capacity: 8M
 Heap Initial Capacity: 246M
 Heap Max Capacity: 3914M
 Pre-touch: Disabled
 Parallel Workers: 13
 Concurrent Workers: 3
 Concurrent Refinement Workers: 13
 Periodic GC: Disabled
Heap:
 garbage-first heap   total reserved 4007936K, committed 96256K, used 81569K [0x000000070b600000, 0x0000000800000000)
  region size 2048K, 17 young (34816K), 3 survivors (6144K)
GC Heap Usage History (20 events):
Event: 6.702 {heap Before GC invocations=8 (full 0):
 garbage-first heap   total reserved 4007936K, committed 96256K, used 75068K [0x000000070b600000, 0x0000000800000000)
  region size 2048K, 24 young (49152K), 3 survivors (6144K)
}
Event: 6.706 {heap After GC invocations=9 (full 0):
 garbage-first heap   total reserved 4007936K, committed 96256K, used 35423K [0x000000070b600000, 0x0000000800000000)
  region size 2048K, 3 young (6144K), 3 survivors (6144K)
}
Event: 7.242 {heap Before GC invocations=9 (full 0):
 garbage-first heap   total reserved 4007936K, committed 96256K, used 59999K [0x000000070b600000, 0x0000000800000000)
  region size 2048K, 16 young (32768K), 3 survivors (6144K)
}
Event: 7.247 {heap After GC invocations=10 (full 0):
 garbage-first heap   total reserved 4007936K, committed 96256K, used 37066K [0x000000070b600000, 0x0000000800000000)
  region size 2048K, 1 young (2048K), 1 survivors (2048K)
}
Event: 8.198 {heap Before GC invocations=11 (full 0):
 garbage-first heap   total reserved 4007936K, committed 96256K, used 78026K [0x000000070b600000, 0x0000000800000000)
  region size 2048K, 22 young (45056K), 1 survivors (2048K)
}
Event: 8.201 {heap After GC invocations=12 (full 0):
 garbage-first heap   total reserved 4007936K, committed 96256K, used 38310K [0x000000070b600000, 0x0000000800000000)
  region size 2048K, 2 young (4096K), 2 survivors (4096K)
}
Event: 9.587 {heap Before GC invocations=12 (full 0):
 garbage-first heap   total reserved 4007936K, committed 96256K, used 81318K [0x000000070b600000, 0x0000000800000000)
  region size 2048K, 23 young (47104K), 2 survivors (4096K)
}
Event: 9.592 {heap After GC invocations=13 (full 0):
 garbage-first heap   total reserved 4007936K, committed 96256K, used 41722K [0x000000070b600000, 0x0000000800000000)
  region size 2048K, 3 young (6144K), 3 survivors (6144K)
}
Event: 9.725 {heap Before GC invocations=13 (full 0):
 garbage-first heap   total reserved 4007936K, committed 96256K, used 82682K [0x000000070b600000, 0x0000000800000000)
  region size 2048K, 23 young (47104K), 3 survivors (6144K)
}
Event: 9.730 {heap After GC invocations=14 (full 0):
 garbage-first heap   total reserved 4007936K, committed 96256K, used 48024K [0x000000070b600000, 0x0000000800000000)
  region size 2048K, 3 young (6144K), 3 survivors (6144K)
}
Event: 9.830 {heap Before GC invocations=14 (full 0):
 garbage-first heap   total reserved 4007936K, committed 96256K, used 82840K [0x000000070b600000, 0x0000000800000000)
  region size 2048K, 20 young (40960K), 3 survivors (6144K)
}
Event: 9.833 {heap After GC invocations=15 (full 0):
 garbage-first heap   total reserved 4007936K, committed 96256K, used 49216K [0x000000070b600000, 0x0000000800000000)
  region size 2048K, 1 young (2048K), 1 survivors (2048K)
}
Event: 10.065 {heap Before GC invocations=16 (full 0):
 garbage-first heap   total reserved 4007936K, committed 96256K, used 84032K [0x000000070b600000, 0x0000000800000000)
  region size 2048K, 18 young (36864K), 1 survivors (2048K)
}
Event: 10.068 {heap After GC invocations=17 (full 0):
 garbage-first heap   total reserved 4007936K, committed 96256K, used 51569K [0x000000070b600000, 0x0000000800000000)
  region size 2048K, 2 young (4096K), 2 survivors (4096K)
}
Event: 10.479 {heap Before GC invocations=17 (full 0):
 garbage-first heap   total reserved 4007936K, committed 96256K, used 82289K [0x000000070b600000, 0x0000000800000000)
  region size 2048K, 18 young (36864K), 2 survivors (4096K)
}
Event: 10.482 {heap After GC invocations=18 (full 0):
 garbage-first heap   total reserved 4007936K, committed 96256K, used 51827K [0x000000070b600000, 0x0000000800000000)
  region size 2048K, 2 young (4096K), 2 survivors (4096K)
}
Event: 11.021 {heap Before GC invocations=18 (full 0):
 garbage-first heap   total reserved 4007936K, committed 96256K, used 84595K [0x000000070b600000, 0x0000000800000000)
  region size 2048K, 18 young (36864K), 2 survivors (4096K)
}
Event: 11.024 {heap After GC invocations=19 (full 0):
 garbage-first heap   total reserved 4007936K, committed 96256K, used 54425K [0x000000070b600000, 0x0000000800000000)
  region size 2048K, 3 young (6144K), 3 survivors (6144K)
}
Event: 11.617 {heap Before GC invocations=20 (full 0):
 garbage-first heap   total reserved 4007936K, committed 96256K, used 83097K [0x000000070b600000, 0x0000000800000000)
  region size 2048K, 18 young (36864K), 3 survivors (6144K)
}
Event: 11.620 {heap After GC invocations=21 (full 0):
 garbage-first heap   total reserved 4007936K, committed 96256K, used 54945K [0x000000070b600000, 0x0000000800000000)
  region size 2048K, 3 young (6144K), 3 survivors (6144K)
}

